\BOOKMARK [1][-]{section.1}{Introduction}{}% 1
\BOOKMARK [1][-]{section.2}{Circuit and Physical Design}{}% 2
\BOOKMARK [2][-]{subsection.2.1}{Power Supply}{section.2}% 3
\BOOKMARK [2][-]{subsection.2.2}{LED controller}{section.2}% 4
\BOOKMARK [2][-]{subsection.2.3}{Photodiode}{section.2}% 5
\BOOKMARK [2][-]{subsection.2.4}{Conclusion}{section.2}% 6
\BOOKMARK [1][-]{section.3}{Software}{}% 7
\BOOKMARK [2][-]{subsection.3.1}{Top Module}{section.3}% 8
\BOOKMARK [2][-]{subsection.3.2}{ADC Communication}{section.3}% 9
\BOOKMARK [2][-]{subsection.3.3}{Color Detector}{section.3}% 10
\BOOKMARK [2][-]{subsection.3.4}{Servo Motor}{section.3}% 11
\BOOKMARK [2][-]{subsection.3.5}{PC Communication}{section.3}% 12
\BOOKMARK [2][-]{subsection.3.6}{Conclusion}{section.3}% 13
\BOOKMARK [1][-]{section.4}{Test of the System}{}% 14
\BOOKMARK [2][-]{subsection.4.1}{Test One: Thresholds for Normal Ambient Lighting}{section.4}% 15
\BOOKMARK [2][-]{subsection.4.2}{Test Two: Thresholds for Larger Spectrum of Lighting Conditions}{section.4}% 16
\BOOKMARK [2][-]{subsection.4.3}{Test Analysis}{section.4}% 17
\BOOKMARK [2][-]{subsection.4.4}{Conclusion}{section.4}% 18
\BOOKMARK [1][-]{section.5}{Conclusion}{}% 19
\BOOKMARK [1][-]{appendix.A}{Usage guide}{}% 20
