#-----------------------------------------------------------
# PlanAhead v14.7 (64-bit)
# Build 321239 by xbuild on Fri Sep 27 19:29:51 MDT 2013
# Start of session at: Thu Nov 12 14:20:50 2015
# Process ID: 3060
# Log file: C:/Users/lukas/Documents/GitHub/RobTek_G1_2015/EMB1/FinalProject/Code/planAhead.log
# Journal file: C:/Users/lukas/Documents/GitHub/RobTek_G1_2015/EMB1/FinalProject/Code\planAhead.jou
#-----------------------------------------------------------
INFO: [Common 17-78] Attempting to get a license: PlanAhead
INFO: [Common 17-290] Got license for PlanAhead
INFO: [Device 21-36] Loading parts and site information from C:/Xilinx/14.7/ISE_DS/PlanAhead/data/parts/arch.xml
Parsing RTL primitives file [C:/Xilinx/14.7/ISE_DS/PlanAhead/data/parts/xilinx/rtl/prims/rtl_prims.xml]
Finished parsing RTL primitives file [C:/Xilinx/14.7/ISE_DS/PlanAhead/data/parts/xilinx/rtl/prims/rtl_prims.xml]
start_gui
open_project {C:\Users\lukas\Documents\GitHub\RobTek_G1_2015\EMB1\FinalProject\Code\segway.ppr}
Scanning sources...
Finished scanning sources
Qt: Untested Windows version 6.2 detected!
update_compile_order -fileset sources_1
reset_run synth_1
launch_runs synth_1
[Thu Nov 12 14:25:58 2015] Launched synth_1...
Run output will be captured here: C:/Users/lukas/Documents/GitHub/RobTek_G1_2015/EMB1/FinalProject/Code/segway.runs/synth_1/runme.log
reset_run synth_1
launch_runs synth_1
[Thu Nov 12 14:27:18 2015] Launched synth_1...
Run output will be captured here: C:/Users/lukas/Documents/GitHub/RobTek_G1_2015/EMB1/FinalProject/Code/segway.runs/synth_1/runme.log
exit
INFO: [Common 17-206] Exiting PlanAhead at Thu Nov 12 14:29:49 2015...
INFO: [Common 17-83] Releasing license: PlanAhead
